<?xml version="1.0" encoding="UTF-8"?>
<!-- Generated by org.testng.reporters.JUnitReportReporter -->
<testsuite hostname="DESKTOP-L008IRS" failures="0" tests="2" name="tests.CheckOut" time="34.310" errors="0" timestamp="2024-07-04T18:34:11 IST" skipped="0">
  <testcase classname="tests.CheckOut" name="addItemToCart" time="15.763">
    <system-out>
      <![CDATA[Item added to Cart successfully]]>
    </system-out>
  </testcase> <!-- addItemToCart -->
  <testcase classname="tests.CheckOut" name="checkOut" time="18.547"/>
  <system-out>
    <![CDATA[ChromeDriver: chrome on windows (b344a39b0d8412a9279defed7e75fdfc)is instantiated
Item added to Cart successfully
Tear down successful]]>
  </system-out>
</testsuite> <!-- tests.CheckOut -->
