<?xml version="1.0" encoding="UTF-8"?>
<!-- Generated by org.testng.reporters.JUnitReportReporter -->
<testsuite hostname="DESKTOP-L008IRS" failures="0" tests="2" name="tests.CheckOut" time="33.693" errors="0" timestamp="2024-06-27T01:21:10 IST" skipped="0">
  <testcase classname="tests.CheckOut" name="addItemToCart" time="15.170"/>
  <testcase classname="tests.CheckOut" name="checkOut" time="18.523"/>
</testsuite> <!-- tests.CheckOut -->
