<?xml version="1.0" encoding="UTF-8"?>
<!-- Generated by org.testng.reporters.JUnitReportReporter -->
<testsuite hostname="DESKTOP-L008IRS" failures="0" tests="1" name="tests.AddItemToCart" time="14.777" errors="0" timestamp="2024-06-27T01:20:06 IST" skipped="0">
  <testcase classname="tests.AddItemToCart" name="addItemToCart" time="14.777"/>
</testsuite> <!-- tests.AddItemToCart -->
