<?xml version="1.0" encoding="UTF-8"?>
<!-- Generated by org.testng.reporters.JUnitReportReporter -->
<testsuite hostname="DESKTOP-L008IRS" failures="0" tests="2" name="tests.RemoveMulItemfromCart" time="38.439" errors="0" timestamp="2024-07-06T16:16:13 IST" skipped="0">
  <testcase classname="tests.RemoveMulItemfromCart" name="addMultiItemToCart" time="27.584">
    <system-out>
      <![CDATA[Multiple Items are added to cart successfully]]>
    </system-out>
  </testcase> <!-- addMultiItemToCart -->
  <testcase classname="tests.RemoveMulItemfromCart" name="removeMultiItemFromCart" time="10.855">
    <system-out>
      <![CDATA[All items are removed successfully]]>
    </system-out>
  </testcase> <!-- removeMultiItemFromCart -->
  <system-out>
    <![CDATA[ChromeDriver: chrome on windows (deae38435184c036a9e3220b386a0d4b)is instantiated
Item added to Cart successfully
Item is removed from cart successfully
Tear down successful
ChromeDriver: chrome on windows (8dfdbfc029a673705b4d3713de84568a)is instantiated
Multiple Items are added to cart successfully
All items are removed successfully
Tear down successful
ChromeDriver: chrome on windows (ce04d6e3c61a05be778b40f84f3b54d1)is instantiated
Tear down successful]]>
  </system-out>
</testsuite> <!-- tests.RemoveMulItemfromCart -->
