<?xml version="1.0" encoding="UTF-8"?>
<!-- Generated by org.testng.reporters.JUnitReportReporter -->
<testsuite hostname="DESKTOP-L008IRS" failures="0" tests="1" name="tests.SearchProduct" time="25.122" errors="0" timestamp="2024-07-07T08:36:08 IST" skipped="0">
  <testcase classname="tests.SearchProduct" name="search" time="25.122"/>
  <system-out>
    <![CDATA[ChromeDriver: chrome on windows (a27dc2f28352eacb5be983c8feffd2cc)is instantiated
Tear down successful]]>
  </system-out>
</testsuite> <!-- tests.SearchProduct -->
