<?xml version="1.0" encoding="UTF-8"?>
<!-- Generated by org.testng.reporters.JUnitReportReporter -->
<testsuite hostname="DESKTOP-L008IRS" failures="0" tests="2" name="tests.RemoveItemfromCart" time="25.797" errors="0" timestamp="2024-06-27T01:15:37 IST" skipped="0">
  <testcase classname="tests.RemoveItemfromCart" name="addItemToCart" time="18.600"/>
  <testcase classname="tests.RemoveItemfromCart" name="removeItemFromCart" time="7.197"/>
</testsuite> <!-- tests.RemoveItemfromCart -->
