<?xml version="1.0" encoding="UTF-8"?>
<!-- Generated by org.testng.reporters.JUnitReportReporter -->
<testsuite hostname="DESKTOP-L008IRS" failures="0" tests="4" name="tests.TestGroupExample" time="0.033" errors="0" timestamp="2024-07-04T17:33:16 IST" skipped="0">
  <testcase classname="tests.TestGroupExample" name="test1" time="0.024"/>
  <testcase classname="tests.TestGroupExample" name="test3" time="0.003"/>
  <testcase classname="tests.TestGroupExample" name="test4" time="0.003"/>
  <testcase classname="tests.TestGroupExample" name="test2" time="0.003"/>
</testsuite> <!-- tests.TestGroupExample -->
