<?xml version="1.0" encoding="UTF-8"?>
<!-- Generated by org.testng.reporters.JUnitReportReporter -->
<testsuite hostname="DESKTOP-L008IRS" failures="0" tests="1" name="tests.LocatorsOnWebPage" time="0.309" errors="0" timestamp="2024-06-20T12:11:10 IST" skipped="0">
  <testcase classname="tests.LocatorsOnWebPage" name="findLocators" time="0.309"/>
</testsuite> <!-- tests.LocatorsOnWebPage -->
