<?xml version="1.0" encoding="UTF-8"?>
<!-- Generated by org.testng.reporters.JUnitReportReporter -->
<testsuite hostname="DESKTOP-L008IRS" failures="0" tests="2" name="tests.RemoveMulItemfromCart" time="34.094" errors="0" timestamp="2024-06-26T16:30:28 IST" skipped="0">
  <testcase classname="tests.RemoveMulItemfromCart" name="addMultiItemToCart" time="23.613"/>
  <testcase classname="tests.RemoveMulItemfromCart" name="removeMultiItemFromCart" time="10.481"/>
</testsuite> <!-- tests.RemoveMulItemfromCart -->
