<?xml version="1.0" encoding="UTF-8"?>
<!-- Generated by org.testng.reporters.JUnitReportReporter -->
<testsuite hostname="DESKTOP-L008IRS" failures="0" tests="2" name="tests.RemoveItemfromCart" time="24.142" errors="0" timestamp="2024-07-07T11:57:06 IST" skipped="0">
  <testcase classname="tests.RemoveItemfromCart" name="addItemToCart" time="18.871">
    <system-out>
      <![CDATA[Item added to Cart successfully]]>
    </system-out>
  </testcase> <!-- addItemToCart -->
  <testcase classname="tests.RemoveItemfromCart" name="removeItemFromCart" time="5.271">
    <system-out>
      <![CDATA[Item is removed from cart successfully]]>
    </system-out>
  </testcase> <!-- removeItemFromCart -->
  <system-out>
    <![CDATA[ChromeDriver: chrome on windows (25286273c2a2378b6ba4dc7fd3c33ece)is instantiated
Item added to Cart successfully
Item is removed from cart successfully
Tear down successful
ChromeDriver: chrome on windows (b3ec9b5d2336833e3da2e35fe4eda787)is instantiated
Multiple Items are added to cart successfully
All items are removed successfully
Tear down successful
ChromeDriver: chrome on windows (1b3b26545369146c1fad9f71a15939ad)is instantiated
Tear down successful]]>
  </system-out>
</testsuite> <!-- tests.RemoveItemfromCart -->
