<?xml version="1.0" encoding="UTF-8"?>
<!-- Generated by org.testng.reporters.JUnitReportReporter -->
<testsuite hostname="DESKTOP-L008IRS" failures="0" tests="2" name="tests.RemoveItemfromCart" time="28.753" errors="0" timestamp="2024-07-07T08:31:24 IST" skipped="0">
  <testcase classname="tests.RemoveItemfromCart" name="addItemToCart" time="22.318">
    <system-out>
      <![CDATA[Item added to Cart successfully]]>
    </system-out>
  </testcase> <!-- addItemToCart -->
  <testcase classname="tests.RemoveItemfromCart" name="removeItemFromCart" time="6.435">
    <system-out>
      <![CDATA[Item is removed from cart successfully]]>
    </system-out>
  </testcase> <!-- removeItemFromCart -->
  <system-out>
    <![CDATA[ChromeDriver: chrome on windows (a0480b8ddc7b59e7595910d4301af1ef)is instantiated
Item added to Cart successfully
Item is removed from cart successfully
Tear down successful
ChromeDriver: chrome on windows (52b7d219d0367cd54dd78f4455f78033)is instantiated
Multiple Items are added to cart successfully
All items are removed successfully
Tear down successful
ChromeDriver: chrome on windows (71b64fbd320149fc744b867a06e06103)is instantiated
Tear down successful]]>
  </system-out>
</testsuite> <!-- tests.RemoveItemfromCart -->
