<?xml version="1.0" encoding="UTF-8"?>
<!-- Generated by org.testng.reporters.JUnitReportReporter -->
<testsuite hostname="DESKTOP-L008IRS" failures="0" tests="1" name="tests.SearchProduct" time="24.461" errors="0" timestamp="2024-07-07T11:57:06 IST" skipped="0">
  <testcase classname="tests.SearchProduct" name="search" time="24.461"/>
  <system-out>
    <![CDATA[ChromeDriver: chrome on windows (25286273c2a2378b6ba4dc7fd3c33ece)is instantiated
Item added to Cart successfully
Item is removed from cart successfully
Tear down successful
ChromeDriver: chrome on windows (b3ec9b5d2336833e3da2e35fe4eda787)is instantiated
Multiple Items are added to cart successfully
All items are removed successfully
Tear down successful
ChromeDriver: chrome on windows (1b3b26545369146c1fad9f71a15939ad)is instantiated
Tear down successful]]>
  </system-out>
</testsuite> <!-- tests.SearchProduct -->
